<?xml version="1.0" encoding="UTF-8"?>
<!-- Generated by org.testng.reporters.JUnitXMLReporter -->
<testsuite hostname="Bhavanis-MacBook-Pro.local" ignored="0" name="Test" tests="150" failures="31" timestamp="10 Nov 2019 10:56:13 GMT" time="1.606" errors="0">
  <testcase name="test4" time="0.017" classname="com.testcases.DataDrivenExcel"/>
  <testcase name="test4" time="0.002" classname="com.testcases.DataDrivenExcel"/>
  <testcase name="test4" time="0.002" classname="com.testcases.DataDrivenExcel"/>
  <testcase name="test4" time="0.002" classname="com.testcases.DataDrivenExcel"/>
  <testcase name="test4" time="0.002" classname="com.testcases.DataDrivenExcel"/>
  <testcase name="test4" time="0.002" classname="com.testcases.DataDrivenExcel"/>
  <testcase name="test4" time="0.002" classname="com.testcases.DataDrivenExcel"/>
  <testcase name="test4" time="0.001" classname="com.testcases.DataDrivenExcel"/>
  <testcase name="test4" time="0.003" classname="com.testcases.DataDrivenExcel"/>
  <testcase name="test4" time="0.001" classname="com.testcases.DataDrivenExcel"/>
  <testcase name="test4" time="0.004" classname="com.testcases.DataDrivenExcel"/>
  <testcase name="test4" time="0.003" classname="com.testcases.DataDrivenExcel"/>
  <testcase name="test4" time="0.001" classname="com.testcases.DataDrivenExcel"/>
  <testcase name="test4" time="0.001" classname="com.testcases.DataDrivenExcel"/>
  <testcase name="test4" time="0.001" classname="com.testcases.DataDrivenExcel"/>
  <testcase name="test4" time="0.002" classname="com.testcases.DataDrivenExcel"/>
  <testcase name="test4" time="0.001" classname="com.testcases.DataDrivenExcel"/>
  <testcase name="test4" time="0.002" classname="com.testcases.DataDrivenExcel"/>
  <testcase name="test4" time="0.001" classname="com.testcases.DataDrivenExcel"/>
  <testcase name="test4" time="0.001" classname="com.testcases.DataDrivenExcel"/>
  <testcase name="test4" time="0.001" classname="com.testcases.DataDrivenExcel"/>
  <testcase name="test4" time="0.001" classname="com.testcases.DataDrivenExcel"/>
  <testcase name="test4" time="0.001" classname="com.testcases.DataDrivenExcel"/>
  <testcase name="test4" time="0.001" classname="com.testcases.DataDrivenExcel"/>
  <testcase name="test4" time="0.001" classname="com.testcases.DataDrivenExcel"/>
  <testcase name="test4" time="0.001" classname="com.testcases.DataDrivenExcel"/>
  <testcase name="test4" time="0.001" classname="com.testcases.DataDrivenExcel"/>
  <testcase name="test4" time="0.001" classname="com.testcases.DataDrivenExcel"/>
  <testcase name="test4" time="0.002" classname="com.testcases.DataDrivenExcel"/>
  <testcase name="test4" time="0.001" classname="com.testcases.DataDrivenExcel"/>
  <testcase name="test4" time="0.001" classname="com.testcases.DataDrivenExcel"/>
  <testcase name="test4" time="0.001" classname="com.testcases.DataDrivenExcel"/>
  <testcase name="test4" time="0.001" classname="com.testcases.DataDrivenExcel"/>
  <testcase name="test4" time="0.002" classname="com.testcases.DataDrivenExcel"/>
  <testcase name="test4" time="0.001" classname="com.testcases.DataDrivenExcel"/>
  <testcase name="test4" time="0.001" classname="com.testcases.DataDrivenExcel"/>
  <testcase name="test4" time="0.001" classname="com.testcases.DataDrivenExcel"/>
  <testcase name="test4" time="0.0" classname="com.testcases.DataDrivenExcel"/>
  <testcase name="test4" time="0.002" classname="com.testcases.DataDrivenExcel"/>
  <testcase name="test4" time="0.001" classname="com.testcases.DataDrivenExcel"/>
  <testcase name="test4" time="0.001" classname="com.testcases.DataDrivenExcel"/>
  <testcase name="test4" time="0.002" classname="com.testcases.DataDrivenExcel"/>
  <testcase name="test4" time="0.0" classname="com.testcases.DataDrivenExcel"/>
  <testcase name="test4" time="0.001" classname="com.testcases.DataDrivenExcel"/>
  <testcase name="test4" time="0.002" classname="com.testcases.DataDrivenExcel"/>
  <testcase name="test4" time="0.001" classname="com.testcases.DataDrivenExcel"/>
  <testcase name="test4" time="0.001" classname="com.testcases.DataDrivenExcel"/>
  <testcase name="test4" time="0.001" classname="com.testcases.DataDrivenExcel"/>
  <testcase name="test4" time="0.001" classname="com.testcases.DataDrivenExcel"/>
  <testcase name="test4" time="0.001" classname="com.testcases.DataDrivenExcel"/>
  <testcase name="test4" time="0.0" classname="com.testcases.DataDrivenExcel"/>
  <testcase name="test4" time="0.002" classname="com.testcases.DataDrivenExcel"/>
  <testcase name="test4" time="0.001" classname="com.testcases.DataDrivenExcel"/>
  <testcase name="test4" time="0.001" classname="com.testcases.DataDrivenExcel"/>
  <testcase name="test4" time="0.0" classname="com.testcases.DataDrivenExcel"/>
  <testcase name="test4" time="0.001" classname="com.testcases.DataDrivenExcel"/>
  <testcase name="test4" time="0.001" classname="com.testcases.DataDrivenExcel"/>
  <testcase name="test4" time="0.0" classname="com.testcases.DataDrivenExcel"/>
  <testcase name="test4" time="0.0" classname="com.testcases.DataDrivenExcel"/>
  <testcase name="test4" time="0.001" classname="com.testcases.DataDrivenExcel"/>
  <testcase name="test4" time="0.0" classname="com.testcases.DataDrivenExcel"/>
  <testcase name="test4" time="0.001" classname="com.testcases.DataDrivenExcel"/>
  <testcase name="test4" time="0.001" classname="com.testcases.DataDrivenExcel"/>
  <testcase name="test4" time="0.006" classname="com.testcases.DataDrivenExcel"/>
  <testcase name="test4" time="0.0" classname="com.testcases.DataDrivenExcel"/>
  <testcase name="test4" time="0.001" classname="com.testcases.DataDrivenExcel"/>
  <testcase name="test4" time="0.001" classname="com.testcases.DataDrivenExcel"/>
  <testcase name="test4" time="0.001" classname="com.testcases.DataDrivenExcel"/>
  <testcase name="test4" time="0.0" classname="com.testcases.DataDrivenExcel"/>
  <testcase name="test4" time="0.002" classname="com.testcases.DataDrivenExcel"/>
  <testcase name="test4" time="0.0" classname="com.testcases.DataDrivenExcel"/>
  <testcase name="test4" time="0.001" classname="com.testcases.DataDrivenExcel"/>
  <testcase name="test4" time="0.001" classname="com.testcases.DataDrivenExcel"/>
  <testcase name="test4" time="0.0" classname="com.testcases.DataDrivenExcel"/>
  <testcase name="test4" time="0.0" classname="com.testcases.DataDrivenExcel"/>
  <testcase name="test4" time="0.0" classname="com.testcases.DataDrivenExcel"/>
  <testcase name="test4" time="0.001" classname="com.testcases.DataDrivenExcel"/>
  <testcase name="test4" time="0.0" classname="com.testcases.DataDrivenExcel"/>
  <testcase name="test4" time="0.001" classname="com.testcases.DataDrivenExcel"/>
  <testcase name="test4" time="0.0" classname="com.testcases.DataDrivenExcel"/>
  <testcase name="test4" time="0.002" classname="com.testcases.DataDrivenExcel"/>
  <testcase name="test4" time="0.001" classname="com.testcases.DataDrivenExcel"/>
  <testcase name="test4" time="0.001" classname="com.testcases.DataDrivenExcel"/>
  <testcase name="test4" time="0.001" classname="com.testcases.DataDrivenExcel"/>
  <testcase name="test4" time="0.001" classname="com.testcases.DataDrivenExcel"/>
  <testcase name="test4" time="0.0" classname="com.testcases.DataDrivenExcel"/>
  <testcase name="test4" time="0.0" classname="com.testcases.DataDrivenExcel"/>
  <testcase name="test4" time="0.0" classname="com.testcases.DataDrivenExcel"/>
  <testcase name="test4" time="0.0" classname="com.testcases.DataDrivenExcel"/>
  <testcase name="test4" time="0.001" classname="com.testcases.DataDrivenExcel"/>
  <testcase name="test4" time="0.001" classname="com.testcases.DataDrivenExcel"/>
  <testcase name="test4" time="0.0" classname="com.testcases.DataDrivenExcel"/>
  <testcase name="test4" time="0.001" classname="com.testcases.DataDrivenExcel"/>
  <testcase name="test4" time="0.001" classname="com.testcases.DataDrivenExcel"/>
  <testcase name="test4" time="0.0" classname="com.testcases.DataDrivenExcel"/>
  <testcase name="test4" time="0.001" classname="com.testcases.DataDrivenExcel"/>
  <testcase name="test4" time="0.001" classname="com.testcases.DataDrivenExcel"/>
  <testcase name="test4" time="0.001" classname="com.testcases.DataDrivenExcel"/>
  <testcase name="test4" time="0.001" classname="com.testcases.DataDrivenExcel"/>
  <testcase name="test4" time="0.001" classname="com.testcases.DataDrivenExcel"/>
  <testcase name="test4" time="0.001" classname="com.testcases.DataDrivenExcel"/>
  <testcase name="test4" time="0.0" classname="com.testcases.DataDrivenExcel"/>
  <testcase name="test4" time="0.0" classname="com.testcases.DataDrivenExcel"/>
  <testcase name="test4" time="0.0" classname="com.testcases.DataDrivenExcel"/>
  <testcase name="test4" time="0.001" classname="com.testcases.DataDrivenExcel"/>
  <testcase name="test4" time="0.002" classname="com.testcases.DataDrivenExcel"/>
  <testcase name="test4" time="0.001" classname="com.testcases.DataDrivenExcel"/>
  <testcase name="test4" time="0.0" classname="com.testcases.DataDrivenExcel">
    <failure type="java.lang.NullPointerException">
      <![CDATA[java.lang.NullPointerException
at com.testcases.DataDrivenExcel.test4(DataDrivenExcel.java:31)
... Removed 24 stack frames]]>
    </failure>
  </testcase> <!-- test4 -->
  <testcase name="test4" time="0.0" classname="com.testcases.DataDrivenExcel">
    <failure type="java.lang.NullPointerException">
      <![CDATA[java.lang.NullPointerException
at com.testcases.DataDrivenExcel.test4(DataDrivenExcel.java:31)
... Removed 24 stack frames]]>
    </failure>
  </testcase> <!-- test4 -->
  <testcase name="test4" time="0.001" classname="com.testcases.DataDrivenExcel">
    <failure type="java.lang.NullPointerException">
      <![CDATA[java.lang.NullPointerException
at com.testcases.DataDrivenExcel.test4(DataDrivenExcel.java:31)
... Removed 24 stack frames]]>
    </failure>
  </testcase> <!-- test4 -->
  <testcase name="test5" time="0.001" classname="com.testcases.DataDrivenExcel">
    <failure type="java.lang.NullPointerException">
      <![CDATA[java.lang.NullPointerException
at com.testcases.DataDrivenExcel.test5(DataDrivenExcel.java:57)
... Removed 25 stack frames]]>
    </failure>
  </testcase> <!-- test5 -->
  <testcase name="test5" time="0.0" classname="com.testcases.DataDrivenExcel">
    <failure type="java.lang.NullPointerException">
      <![CDATA[java.lang.NullPointerException
at com.testcases.DataDrivenExcel.test5(DataDrivenExcel.java:57)
... Removed 25 stack frames]]>
    </failure>
  </testcase> <!-- test5 -->
  <testcase name="test5" time="0.001" classname="com.testcases.DataDrivenExcel">
    <failure type="java.lang.NullPointerException">
      <![CDATA[java.lang.NullPointerException
at com.testcases.DataDrivenExcel.test5(DataDrivenExcel.java:57)
... Removed 25 stack frames]]>
    </failure>
  </testcase> <!-- test5 -->
  <testcase name="test5" time="0.001" classname="com.testcases.DataDrivenExcel">
    <failure type="java.lang.NullPointerException">
      <![CDATA[java.lang.NullPointerException
at com.testcases.DataDrivenExcel.test5(DataDrivenExcel.java:57)
... Removed 25 stack frames]]>
    </failure>
  </testcase> <!-- test5 -->
  <testcase name="test5" time="0.0" classname="com.testcases.DataDrivenExcel">
    <failure type="java.lang.NullPointerException">
      <![CDATA[java.lang.NullPointerException
at com.testcases.DataDrivenExcel.test5(DataDrivenExcel.java:57)
... Removed 25 stack frames]]>
    </failure>
  </testcase> <!-- test5 -->
  <testcase name="test5" time="0.001" classname="com.testcases.DataDrivenExcel">
    <failure type="java.lang.NullPointerException">
      <![CDATA[java.lang.NullPointerException
at com.testcases.DataDrivenExcel.test5(DataDrivenExcel.java:57)
... Removed 25 stack frames]]>
    </failure>
  </testcase> <!-- test5 -->
  <testcase name="test5" time="0.001" classname="com.testcases.DataDrivenExcel">
    <failure type="java.lang.NullPointerException">
      <![CDATA[java.lang.NullPointerException
at com.testcases.DataDrivenExcel.test5(DataDrivenExcel.java:57)
... Removed 25 stack frames]]>
    </failure>
  </testcase> <!-- test5 -->
  <testcase name="test5" time="0.001" classname="com.testcases.DataDrivenExcel">
    <failure type="java.lang.NullPointerException">
      <![CDATA[java.lang.NullPointerException
at com.testcases.DataDrivenExcel.test5(DataDrivenExcel.java:57)
... Removed 25 stack frames]]>
    </failure>
  </testcase> <!-- test5 -->
  <testcase name="test5" time="0.001" classname="com.testcases.DataDrivenExcel">
    <failure type="java.lang.NullPointerException">
      <![CDATA[java.lang.NullPointerException
at com.testcases.DataDrivenExcel.test5(DataDrivenExcel.java:57)
... Removed 25 stack frames]]>
    </failure>
  </testcase> <!-- test5 -->
  <testcase name="test5" time="0.0" classname="com.testcases.DataDrivenExcel">
    <failure type="java.lang.NullPointerException">
      <![CDATA[java.lang.NullPointerException
at com.testcases.DataDrivenExcel.test5(DataDrivenExcel.java:57)
... Removed 25 stack frames]]>
    </failure>
  </testcase> <!-- test5 -->
  <testcase name="test5" time="0.001" classname="com.testcases.DataDrivenExcel">
    <failure type="java.lang.NullPointerException">
      <![CDATA[java.lang.NullPointerException
at com.testcases.DataDrivenExcel.test5(DataDrivenExcel.java:57)
... Removed 25 stack frames]]>
    </failure>
  </testcase> <!-- test5 -->
  <testcase name="test5" time="0.0" classname="com.testcases.DataDrivenExcel">
    <failure type="java.lang.NullPointerException">
      <![CDATA[java.lang.NullPointerException
at com.testcases.DataDrivenExcel.test5(DataDrivenExcel.java:57)
... Removed 25 stack frames]]>
    </failure>
  </testcase> <!-- test5 -->
  <testcase name="test5" time="0.001" classname="com.testcases.DataDrivenExcel">
    <failure type="java.lang.NullPointerException">
      <![CDATA[java.lang.NullPointerException
at com.testcases.DataDrivenExcel.test5(DataDrivenExcel.java:57)
... Removed 25 stack frames]]>
    </failure>
  </testcase> <!-- test5 -->
  <testcase name="test5" time="0.0" classname="com.testcases.DataDrivenExcel">
    <failure type="java.lang.NullPointerException">
      <![CDATA[java.lang.NullPointerException
at com.testcases.DataDrivenExcel.test5(DataDrivenExcel.java:57)
... Removed 25 stack frames]]>
    </failure>
  </testcase> <!-- test5 -->
  <testcase name="test5" time="0.0" classname="com.testcases.DataDrivenExcel">
    <failure type="java.lang.NullPointerException">
      <![CDATA[java.lang.NullPointerException
at com.testcases.DataDrivenExcel.test5(DataDrivenExcel.java:57)
... Removed 25 stack frames]]>
    </failure>
  </testcase> <!-- test5 -->
  <testcase name="test5" time="0.001" classname="com.testcases.DataDrivenExcel">
    <failure type="java.lang.NullPointerException">
      <![CDATA[java.lang.NullPointerException
at com.testcases.DataDrivenExcel.test5(DataDrivenExcel.java:57)
... Removed 25 stack frames]]>
    </failure>
  </testcase> <!-- test5 -->
  <testcase name="test5" time="0.0" classname="com.testcases.DataDrivenExcel">
    <failure type="java.lang.NullPointerException">
      <![CDATA[java.lang.NullPointerException
at com.testcases.DataDrivenExcel.test5(DataDrivenExcel.java:57)
... Removed 24 stack frames]]>
    </failure>
  </testcase> <!-- test5 -->
  <testcase name="test5" time="0.001" classname="com.testcases.DataDrivenExcel">
    <failure type="java.lang.NullPointerException">
      <![CDATA[java.lang.NullPointerException
at com.testcases.DataDrivenExcel.test5(DataDrivenExcel.java:57)
... Removed 24 stack frames]]>
    </failure>
  </testcase> <!-- test5 -->
  <testcase name="test5" time="0.001" classname="com.testcases.DataDrivenExcel">
    <failure type="java.lang.NullPointerException">
      <![CDATA[java.lang.NullPointerException
at com.testcases.DataDrivenExcel.test5(DataDrivenExcel.java:57)
... Removed 24 stack frames]]>
    </failure>
  </testcase> <!-- test5 -->
  <testcase name="test5" time="0.001" classname="com.testcases.DataDrivenExcel">
    <failure type="java.lang.NullPointerException">
      <![CDATA[java.lang.NullPointerException
at com.testcases.DataDrivenExcel.test5(DataDrivenExcel.java:57)
... Removed 24 stack frames]]>
    </failure>
  </testcase> <!-- test5 -->
  <testcase name="test5" time="0.001" classname="com.testcases.DataDrivenExcel">
    <failure type="java.lang.NullPointerException">
      <![CDATA[java.lang.NullPointerException
at com.testcases.DataDrivenExcel.test5(DataDrivenExcel.java:57)
... Removed 24 stack frames]]>
    </failure>
  </testcase> <!-- test5 -->
  <testcase name="test5" time="0.001" classname="com.testcases.DataDrivenExcel">
    <failure type="java.lang.NullPointerException">
      <![CDATA[java.lang.NullPointerException
at com.testcases.DataDrivenExcel.test5(DataDrivenExcel.java:57)
... Removed 24 stack frames]]>
    </failure>
  </testcase> <!-- test5 -->
  <testcase name="test5" time="0.001" classname="com.testcases.DataDrivenExcel">
    <failure type="java.lang.NullPointerException">
      <![CDATA[java.lang.NullPointerException
at com.testcases.DataDrivenExcel.test5(DataDrivenExcel.java:57)
... Removed 24 stack frames]]>
    </failure>
  </testcase> <!-- test5 -->
  <testcase name="test5" time="0.0" classname="com.testcases.DataDrivenExcel">
    <failure type="java.lang.NullPointerException">
      <![CDATA[java.lang.NullPointerException
at com.testcases.DataDrivenExcel.test5(DataDrivenExcel.java:57)
... Removed 24 stack frames]]>
    </failure>
  </testcase> <!-- test5 -->
  <testcase name="test5" time="0.0" classname="com.testcases.DataDrivenExcel">
    <failure type="java.lang.NullPointerException">
      <![CDATA[java.lang.NullPointerException
at com.testcases.DataDrivenExcel.test5(DataDrivenExcel.java:57)
... Removed 24 stack frames]]>
    </failure>
  </testcase> <!-- test5 -->
  <testcase name="test5" time="0.0" classname="com.testcases.DataDrivenExcel">
    <failure type="java.lang.NullPointerException">
      <![CDATA[java.lang.NullPointerException
at com.testcases.DataDrivenExcel.test5(DataDrivenExcel.java:57)
... Removed 24 stack frames]]>
    </failure>
  </testcase> <!-- test5 -->
  <testcase name="test5" time="0.001" classname="com.testcases.DataDrivenExcel">
    <failure type="java.lang.NullPointerException">
      <![CDATA[java.lang.NullPointerException
at com.testcases.DataDrivenExcel.test5(DataDrivenExcel.java:57)
... Removed 24 stack frames]]>
    </failure>
  </testcase> <!-- test5 -->
  <testcase name="test5" time="0.0" classname="com.testcases.DataDrivenExcel">
    <failure type="java.lang.NullPointerException">
      <![CDATA[java.lang.NullPointerException
at com.testcases.DataDrivenExcel.test5(DataDrivenExcel.java:57)
... Removed 24 stack frames]]>
    </failure>
  </testcase> <!-- test5 -->
  <testcase name="test5" time="0.025" classname="com.testcases.DataDrivenExcel"/>
  <testcase name="test5" time="0.002" classname="com.testcases.DataDrivenExcel"/>
  <testcase name="test5" time="0.001" classname="com.testcases.DataDrivenExcel"/>
  <testcase name="test5" time="0.002" classname="com.testcases.DataDrivenExcel"/>
  <testcase name="test5" time="0.001" classname="com.testcases.DataDrivenExcel"/>
  <testcase name="test5" time="0.001" classname="com.testcases.DataDrivenExcel"/>
  <testcase name="test5" time="0.002" classname="com.testcases.DataDrivenExcel"/>
  <testcase name="test5" time="0.002" classname="com.testcases.DataDrivenExcel"/>
  <testcase name="test5" time="0.001" classname="com.testcases.DataDrivenExcel"/>
  <testcase name="test5" time="0.001" classname="com.testcases.DataDrivenExcel"/>
  <testcase name="test5" time="0.001" classname="com.testcases.DataDrivenExcel"/>
  <testcase name="test5" time="0.001" classname="com.testcases.DataDrivenExcel"/>
</testsuite> <!-- Test -->
